#-----------------------------------------------------------
# Vivado v2019.2 (64-bit)
# SW Build 2708876 on Wed Nov  6 21:40:23 MST 2019
# IP Build 2700528 on Thu Nov  7 00:09:20 MST 2019
# Start of session at: Mon Oct 24 16:08:13 2022
# Process ID: 1200
# Current directory: C:/Users/8200464.SIPC/Desktop/APS
# Command line: vivado.exe -gui_launcher_event rodinguilauncherevent6972 C:\Users\8200464.SIPC\Desktop\APS\APS.xpr
# Log file: C:/Users/8200464.SIPC/Desktop/APS/vivado.log
# Journal file: C:/Users/8200464.SIPC/Desktop/APS\vivado.jou
#-----------------------------------------------------------
start_gui
open_project C:/Users/8200464.SIPC/Desktop/APS/APS.xpr
Scanning sources...
Finished scanning sources
INFO: [IP_Flow 19-234] Refreshing IP repositories
INFO: [IP_Flow 19-1704] No user IP repositories specified
INFO: [IP_Flow 19-2313] Loaded Vivado IP repository 'D:/Xilinx/Vivado/2019.2/data/ip'.
open_project: Time (s): cpu = 00:00:11 ; elapsed = 00:00:07 . Memory (MB): peak = 841.801 ; gain = 229.926
launch_simulation
Command: launch_simulation 
boost::filesystem::remove: Процесс не может получить доступ к файлу, так как этот файл занят другим процессом: "C:/Users/8200464.SIPC/Desktop/APS/APS.sim/sim_1/behav/xsim/simulate.log"
update_compile_order -fileset sources_1
launch_simulation
Command: launch_simulation 
boost::filesystem::remove: Процесс не может получить доступ к файлу, так как этот файл занят другим процессом: "C:/Users/8200464.SIPC/Desktop/APS/APS.sim/sim_1/behav/xsim/simulate.log"
launch_simulation
Command: launch_simulation 
boost::filesystem::remove: Процесс не может получить доступ к файлу, так как этот файл занят другим процессом: "C:/Users/8200464.SIPC/Desktop/APS/APS.sim/sim_1/behav/xsim/simulate.log"
