#-----------------------------------------------------------
# Vivado v2019.2 (64-bit)
# SW Build 2708876 on Wed Nov  6 21:40:23 MST 2019
# IP Build 2700528 on Thu Nov  7 00:09:20 MST 2019
# Start of session at: Mon Oct 24 14:49:04 2022
# Process ID: 16020
# Current directory: C:/Users/8200464.SIPC/Desktop/APS
# Command line: vivado.exe -gui_launcher_event rodinguilauncherevent4620 C:\Users\8200464.SIPC\Desktop\APS\APS.xpr
# Log file: C:/Users/8200464.SIPC/Desktop/APS/vivado.log
# Journal file: C:/Users/8200464.SIPC/Desktop/APS\vivado.jou
#-----------------------------------------------------------
start_gui
open_project C:/Users/8200464.SIPC/Desktop/APS/APS.xpr
INFO: [Project 1-313] Project file moved from 'C:/Users/8200464/Desktop/APS' since last save.
Scanning sources...
Finished scanning sources
INFO: [IP_Flow 19-234] Refreshing IP repositories
INFO: [IP_Flow 19-1704] No user IP repositories specified
INFO: [IP_Flow 19-2313] Loaded Vivado IP repository 'D:/Xilinx/Vivado/2019.2/data/ip'.
open_project: Time (s): cpu = 00:00:14 ; elapsed = 00:00:19 . Memory (MB): peak = 849.371 ; gain = 235.758
update_compile_order -fileset sources_1
exit
INFO: [Common 17-206] Exiting Vivado at Mon Oct 24 14:51:16 2022...
as been returned to its previous state.
INFO: [Common 17-344] 'open_project' was cancelled
exit
INFO: [Common 17-206] Exiting Vivado at Mon Oct 24 14:51:59 2022...
