
*** Running vivado
    with args -log Lab2.vds -m64 -product Vivado -mode batch -messageDb vivado.pb -notrace -source Lab2.tcl


****** Vivado v2019.2 (64-bit)
  **** SW Build 2708876 on Wed Nov  6 21:40:23 MST 2019
  **** IP Build 2700528 on Thu Nov  7 00:09:20 MST 2019
    ** Copyright 1986-2019 Xilinx, Inc. All Rights Reserved.

source Lab2.tcl -notrace
Command: synth_design -top Lab2 -part xc7a100tcsg324-1
Starting synth_design
Attempting to get a license for feature 'Synthesis' and/or device 'xc7a100t'
INFO: [Common 17-349] Got license for feature 'Synthesis' and/or device 'xc7a100t'
INFO: [Device 21-403] Loading part xc7a100tcsg324-1
INFO: Launching helper process for spawning children vivado processes
INFO: Helper process launched with PID 2312 
---------------------------------------------------------------------------------
Starting RTL Elaboration : Time (s): cpu = 00:00:04 ; elapsed = 00:00:05 . Memory (MB): peak = 980.078 ; gain = 235.328
---------------------------------------------------------------------------------
INFO: [Synth 8-6157] synthesizing module 'Lab2' [C:/Users/8200464.SIPC/Desktop/APS/APS.srcs/sources_1/new/Lab2.sv:23]
INFO: [Synth 8-6157] synthesizing module 'processor' [C:/Users/8200464.SIPC/Desktop/APS/APS.srcs/sources_1/new/processor.sv:3]
INFO: [Synth 8-6157] synthesizing module 'REG_FILE' [C:/Users/8200464.SIPC/Desktop/APS/APS.srcs/sources_1/new/REG_FILE.sv:3]
	Parameter N bound to: 32 - type: integer 
INFO: [Synth 8-6155] done synthesizing module 'REG_FILE' (1#1) [C:/Users/8200464.SIPC/Desktop/APS/APS.srcs/sources_1/new/REG_FILE.sv:3]
INFO: [Synth 8-6157] synthesizing module 'ALU' [C:/Users/8200464.SIPC/Desktop/APS/APS.srcs/sources_1/new/top.sv:23]
	Parameter N bound to: 32 - type: integer 
INFO: [Synth 8-155] case statement is not full and has no default [C:/Users/8200464.SIPC/Desktop/APS/APS.srcs/sources_1/new/top.sv:34]
WARNING: [Synth 8-87] always_comb on 'Result_reg' did not result in combinational logic [C:/Users/8200464.SIPC/Desktop/APS/APS.srcs/sources_1/new/top.sv:36]
WARNING: [Synth 8-87] always_comb on 'Flag_reg' did not result in combinational logic [C:/Users/8200464.SIPC/Desktop/APS/APS.srcs/sources_1/new/top.sv:37]
INFO: [Synth 8-6155] done synthesizing module 'ALU' (2#1) [C:/Users/8200464.SIPC/Desktop/APS/APS.srcs/sources_1/new/top.sv:23]
INFO: [Synth 8-6157] synthesizing module 'irom' [C:/Users/8200464.SIPC/Desktop/APS/APS.srcs/sources_1/new/irom.sv:3]
	Parameter WIDTH bound to: 32'sb00000000000000000000000000100000 
	Parameter DEPTH bound to: 32'sb00000000000000000000000001000000 
INFO: [Synth 8-3876] $readmem data file 'irom.mem' is read successfully [C:/Users/8200464.SIPC/Desktop/APS/APS.srcs/sources_1/new/irom.sv:15]
INFO: [Synth 8-6155] done synthesizing module 'irom' (3#1) [C:/Users/8200464.SIPC/Desktop/APS/APS.srcs/sources_1/new/irom.sv:3]
WARNING: [Synth 8-689] width (8) of port connection 'A' does not match port width (6) of module 'irom' [C:/Users/8200464.SIPC/Desktop/APS/APS.srcs/sources_1/new/processor.sv:40]
INFO: [Synth 8-6155] done synthesizing module 'processor' (4#1) [C:/Users/8200464.SIPC/Desktop/APS/APS.srcs/sources_1/new/processor.sv:3]
INFO: [Synth 8-6155] done synthesizing module 'Lab2' (5#1) [C:/Users/8200464.SIPC/Desktop/APS/APS.srcs/sources_1/new/Lab2.sv:23]
WARNING: [Synth 8-3331] design irom has unconnected port clk
---------------------------------------------------------------------------------
Finished RTL Elaboration : Time (s): cpu = 00:00:05 ; elapsed = 00:00:06 . Memory (MB): peak = 1052.211 ; gain = 307.461
---------------------------------------------------------------------------------

Report Check Netlist: 
+------+------------------+-------+---------+-------+------------------+
|      |Item              |Errors |Warnings |Status |Description       |
+------+------------------+-------+---------+-------+------------------+
|1     |multi_driven_nets |      0|        0|Passed |Multi driven nets |
+------+------------------+-------+---------+-------+------------------+
---------------------------------------------------------------------------------
Start Handling Custom Attributes
---------------------------------------------------------------------------------
---------------------------------------------------------------------------------
Finished Handling Custom Attributes : Time (s): cpu = 00:00:05 ; elapsed = 00:00:07 . Memory (MB): peak = 1052.211 ; gain = 307.461
---------------------------------------------------------------------------------
---------------------------------------------------------------------------------
Finished RTL Optimization Phase 1 : Time (s): cpu = 00:00:05 ; elapsed = 00:00:07 . Memory (MB): peak = 1052.211 ; gain = 307.461
---------------------------------------------------------------------------------
Netlist sorting complete. Time (s): cpu = 00:00:00 ; elapsed = 00:00:00.012 . Memory (MB): peak = 1052.211 ; gain = 0.000
INFO: [Project 1-570] Preparing netlist for logic optimization

Processing XDC Constraints
Initializing timing engine
Parsing XDC File [C:/Users/8200464.SIPC/Desktop/APS/Nexys-A7-100T-Master.xdc]
WARNING: [Vivado 12-584] No ports matched 'CA'. [C:/Users/8200464.SIPC/Desktop/APS/Nexys-A7-100T-Master.xdc:59]
CRITICAL WARNING: [Common 17-55] 'set_property' expects at least one object. [C:/Users/8200464.SIPC/Desktop/APS/Nexys-A7-100T-Master.xdc:59]
Resolution: If [get_<value>] was used to populate the object, check to make sure this command returns at least one valid object.
WARNING: [Vivado 12-584] No ports matched 'CB'. [C:/Users/8200464.SIPC/Desktop/APS/Nexys-A7-100T-Master.xdc:60]
CRITICAL WARNING: [Common 17-55] 'set_property' expects at least one object. [C:/Users/8200464.SIPC/Desktop/APS/Nexys-A7-100T-Master.xdc:60]
Resolution: If [get_<value>] was used to populate the object, check to make sure this command returns at least one valid object.
WARNING: [Vivado 12-584] No ports matched 'CC'. [C:/Users/8200464.SIPC/Desktop/APS/Nexys-A7-100T-Master.xdc:61]
CRITICAL WARNING: [Common 17-55] 'set_property' expects at least one object. [C:/Users/8200464.SIPC/Desktop/APS/Nexys-A7-100T-Master.xdc:61]
Resolution: If [get_<value>] was used to populate the object, check to make sure this command returns at least one valid object.
WARNING: [Vivado 12-584] No ports matched 'CD'. [C:/Users/8200464.SIPC/Desktop/APS/Nexys-A7-100T-Master.xdc:62]
CRITICAL WARNING: [Common 17-55] 'set_property' expects at least one object. [C:/Users/8200464.SIPC/Desktop/APS/Nexys-A7-100T-Master.xdc:62]
Resolution: If [get_<value>] was used to populate the object, check to make sure this command returns at least one valid object.
WARNING: [Vivado 12-584] No ports matched 'CE'. [C:/Users/8200464.SIPC/Desktop/APS/Nexys-A7-100T-Master.xdc:63]
CRITICAL WARNING: [Common 17-55] 'set_property' expects at least one object. [C:/Users/8200464.SIPC/Desktop/APS/Nexys-A7-100T-Master.xdc:63]
Resolution: If [get_<value>] was used to populate the object, check to make sure this command returns at least one valid object.
WARNING: [Vivado 12-584] No ports matched 'CF'. [C:/Users/8200464.SIPC/Desktop/APS/Nexys-A7-100T-Master.xdc:64]
CRITICAL WARNING: [Common 17-55] 'set_property' expects at least one object. [C:/Users/8200464.SIPC/Desktop/APS/Nexys-A7-100T-Master.xdc:64]
Resolution: If [get_<value>] was used to populate the object, check to make sure this command returns at least one valid object.
WARNING: [Vivado 12-584] No ports matched 'CG'. [C:/Users/8200464.SIPC/Desktop/APS/Nexys-A7-100T-Master.xdc:65]
CRITICAL WARNING: [Common 17-55] 'set_property' expects at least one object. [C:/Users/8200464.SIPC/Desktop/APS/Nexys-A7-100T-Master.xdc:65]
Resolution: If [get_<value>] was used to populate the object, check to make sure this command returns at least one valid object.
WARNING: [Vivado 12-584] No ports matched 'DP'. [C:/Users/8200464.SIPC/Desktop/APS/Nexys-A7-100T-Master.xdc:66]
CRITICAL WARNING: [Common 17-55] 'set_property' expects at least one object. [C:/Users/8200464.SIPC/Desktop/APS/Nexys-A7-100T-Master.xdc:66]
Resolution: If [get_<value>] was used to populate the object, check to make sure this command returns at least one valid object.
WARNING: [Vivado 12-584] No ports matched 'AN[0]'. [C:/Users/8200464.SIPC/Desktop/APS/Nexys-A7-100T-Master.xdc:67]
CRITICAL WARNING: [Common 17-55] 'set_property' expects at least one object. [C:/Users/8200464.SIPC/Desktop/APS/Nexys-A7-100T-Master.xdc:67]
Resolution: If [get_<value>] was used to populate the object, check to make sure this command returns at least one valid object.
WARNING: [Vivado 12-584] No ports matched 'AN[1]'. [C:/Users/8200464.SIPC/Desktop/APS/Nexys-A7-100T-Master.xdc:68]
CRITICAL WARNING: [Common 17-55] 'set_property' expects at least one object. [C:/Users/8200464.SIPC/Desktop/APS/Nexys-A7-100T-Master.xdc:68]
Resolution: If [get_<value>] was used to populate the object, check to make sure this command returns at least one valid object.
WARNING: [Vivado 12-584] No ports matched 'AN[2]'. [C:/Users/8200464.SIPC/Desktop/APS/Nexys-A7-100T-Master.xdc:69]
CRITICAL WARNING: [Common 17-55] 'set_property' expects at least one object. [C:/Users/8200464.SIPC/Desktop/APS/Nexys-A7-100T-Master.xdc:69]
Resolution: If [get_<value>] was used to populate the object, check to make sure this command returns at least one valid object.
WARNING: [Vivado 12-584] No ports matched 'AN[3]'. [C:/Users/8200464.SIPC/Desktop/APS/Nexys-A7-100T-Master.xdc:70]
CRITICAL WARNING: [Common 17-55] 'set_property' expects at least one object. [C:/Users/8200464.SIPC/Desktop/APS/Nexys-A7-100T-Master.xdc:70]
Resolution: If [get_<value>] was used to populate the object, check to make sure this command returns at least one valid object.
WARNING: [Vivado 12-584] No ports matched 'AN[4]'. [C:/Users/8200464.SIPC/Desktop/APS/Nexys-A7-100T-Master.xdc:71]
CRITICAL WARNING: [Common 17-55] 'set_property' expects at least one object. [C:/Users/8200464.SIPC/Desktop/APS/Nexys-A7-100T-Master.xdc:71]
Resolution: If [get_<value>] was used to populate the object, check to make sure this command returns at least one valid object.
WARNING: [Vivado 12-584] No ports matched 'AN[5]'. [C:/Users/8200464.SIPC/Desktop/APS/Nexys-A7-100T-Master.xdc:72]
CRITICAL WARNING: [Common 17-55] 'set_property' expects at least one object. [C:/Users/8200464.SIPC/Desktop/APS/Nexys-A7-100T-Master.xdc:72]
Resolution: If [get_<value>] was used to populate the object, check to make sure this command returns at least one valid object.
WARNING: [Vivado 12-584] No ports matched 'AN[6]'. [C:/Users/8200464.SIPC/Desktop/APS/Nexys-A7-100T-Master.xdc:73]
CRITICAL WARNING: [Common 17-55] 'set_property' expects at least one object. [C:/Users/8200464.SIPC/Desktop/APS/Nexys-A7-100T-Master.xdc:73]
Resolution: If [get_<value>] was used to populate the object, check to make sure this command returns at least one valid object.
WARNING: [Vivado 12-584] No ports matched 'AN[7]'. [C:/Users/8200464.SIPC/Desktop/APS/Nexys-A7-100T-Master.xdc:74]
CRITICAL WARNING: [Common 17-55] 'set_property' expects at least one object. [C:/Users/8200464.SIPC/Desktop/APS/Nexys-A7-100T-Master.xdc:74]
Resolution: If [get_<value>] was used to populate the object, check to make sure this command returns at least one valid object.
Finished Parsing XDC File [C:/Users/8200464.SIPC/Desktop/APS/Nexys-A7-100T-Master.xdc]
INFO: [Project 1-236] Implementation specific constraints were found while reading constraint file [C:/Users/8200464.SIPC/Desktop/APS/Nexys-A7-100T-Master.xdc]. These constraints will be ignored for synthesis but will be used in implementation. Impacted constraints are listed in the file [.Xil/Lab2_propImpl.xdc].
Resolution: To avoid this warning, move constraints listed in [.Xil/Lab2_propImpl.xdc] to another XDC file and exclude this new file from synthesis with the used_in_synthesis property (File Properties dialog in GUI) and re-run elaboration/synthesis.
Completed Processing XDC Constraints

Netlist sorting complete. Time (s): cpu = 00:00:00 ; elapsed = 00:00:00 . Memory (MB): peak = 1149.672 ; gain = 0.000
INFO: [Project 1-111] Unisim Transformation Summary:
No Unisim elements were transformed.

Constraint Validation Runtime : Time (s): cpu = 00:00:00 ; elapsed = 00:00:00.003 . Memory (MB): peak = 1149.672 ; gain = 0.000
---------------------------------------------------------------------------------
Finished Constraint Validation : Time (s): cpu = 00:00:11 ; elapsed = 00:00:14 . Memory (MB): peak = 1149.672 ; gain = 404.922
---------------------------------------------------------------------------------
---------------------------------------------------------------------------------
Start Loading Part and Timing Information
---------------------------------------------------------------------------------
Loading part: xc7a100tcsg324-1
---------------------------------------------------------------------------------
Finished Loading Part and Timing Information : Time (s): cpu = 00:00:11 ; elapsed = 00:00:14 . Memory (MB): peak = 1149.672 ; gain = 404.922
---------------------------------------------------------------------------------
---------------------------------------------------------------------------------
Start Applying 'set_property' XDC Constraints
---------------------------------------------------------------------------------
---------------------------------------------------------------------------------
Finished applying 'set_property' XDC Constraints : Time (s): cpu = 00:00:11 ; elapsed = 00:00:14 . Memory (MB): peak = 1149.672 ; gain = 404.922
---------------------------------------------------------------------------------
INFO: [Synth 8-5544] ROM "ROM" won't be mapped to Block RAM because address size (2) smaller than threshold (5)
WARNING: [Synth 8-327] inferring latch for variable 'Flag_reg' [C:/Users/8200464.SIPC/Desktop/APS/APS.srcs/sources_1/new/top.sv:37]
WARNING: [Synth 8-327] inferring latch for variable 'Result_reg' [C:/Users/8200464.SIPC/Desktop/APS/APS.srcs/sources_1/new/top.sv:36]
---------------------------------------------------------------------------------
Finished RTL Optimization Phase 2 : Time (s): cpu = 00:00:11 ; elapsed = 00:00:14 . Memory (MB): peak = 1149.672 ; gain = 404.922
---------------------------------------------------------------------------------

Report RTL Partitions: 
+-+--------------+------------+----------+
| |RTL Partition |Replication |Instances |
+-+--------------+------------+----------+
+-+--------------+------------+----------+
---------------------------------------------------------------------------------
Start RTL Component Statistics 
---------------------------------------------------------------------------------
Detailed RTL Component Info : 
+---Adders : 
	   2 Input     32 Bit       Adders := 1     
	   3 Input     32 Bit       Adders := 1     
	   2 Input      8 Bit       Adders := 1     
+---XORs : 
	   2 Input     32 Bit         XORs := 1     
+---Registers : 
	                8 Bit    Registers := 1     
+---Muxes : 
	   2 Input     32 Bit        Muxes := 3     
	  12 Input     32 Bit        Muxes := 1     
	   5 Input     32 Bit        Muxes := 1     
	   4 Input     32 Bit        Muxes := 1     
	   2 Input      8 Bit        Muxes := 1     
	  17 Input      4 Bit        Muxes := 1     
	  17 Input      1 Bit        Muxes := 2     
---------------------------------------------------------------------------------
Finished RTL Component Statistics 
---------------------------------------------------------------------------------
---------------------------------------------------------------------------------
Start RTL Hierarchical Component Statistics 
---------------------------------------------------------------------------------
Hierarchical RTL Component report 
Module REG_FILE 
Detailed RTL Component Info : 
+---Muxes : 
	   2 Input     32 Bit        Muxes := 2     
Module ALU 
Detailed RTL Component Info : 
+---Adders : 
	   2 Input     32 Bit       Adders := 1     
	   3 Input     32 Bit       Adders := 1     
+---XORs : 
	   2 Input     32 Bit         XORs := 1     
+---Muxes : 
	   2 Input     32 Bit        Muxes := 1     
	  12 Input     32 Bit        Muxes := 1     
	  17 Input      4 Bit        Muxes := 1     
	  17 Input      1 Bit        Muxes := 2     
Module irom 
Detailed RTL Component Info : 
+---Muxes : 
	   5 Input     32 Bit        Muxes := 1     
Module processor 
Detailed RTL Component Info : 
+---Adders : 
	   2 Input      8 Bit       Adders := 1     
+---Registers : 
	                8 Bit    Registers := 1     
+---Muxes : 
	   4 Input     32 Bit        Muxes := 1     
	   2 Input      8 Bit        Muxes := 1     
---------------------------------------------------------------------------------
Finished RTL Hierarchical Component Statistics
---------------------------------------------------------------------------------
---------------------------------------------------------------------------------
Start Part Resource Summary
---------------------------------------------------------------------------------
Part Resources:
DSPs: 240 (col length:80)
BRAMs: 270 (col length: RAMB18 80 RAMB36 40)
---------------------------------------------------------------------------------
Finished Part Resource Summary
---------------------------------------------------------------------------------
---------------------------------------------------------------------------------
Start Cross Boundary and Area Optimization
---------------------------------------------------------------------------------
Warning: Parallel synthesis criteria is not met 
INFO: [Synth 8-3333] propagating constant 0 across sequential element (\proc/alu/Flag_reg )
WARNING: [Synth 8-3332] Sequential element (proc/alu/Flag_reg) is unused and will be removed from module Lab2.
WARNING: [Synth 8-3332] Sequential element (proc/alu/Result_reg[31]) is unused and will be removed from module Lab2.
WARNING: [Synth 8-3332] Sequential element (proc/alu/Result_reg[30]) is unused and will be removed from module Lab2.
WARNING: [Synth 8-3332] Sequential element (proc/alu/Result_reg[29]) is unused and will be removed from module Lab2.
WARNING: [Synth 8-3332] Sequential element (proc/alu/Result_reg[28]) is unused and will be removed from module Lab2.
WARNING: [Synth 8-3332] Sequential element (proc/alu/Result_reg[27]) is unused and will be removed from module Lab2.
WARNING: [Synth 8-3332] Sequential element (proc/alu/Result_reg[26]) is unused and will be removed from module Lab2.
WARNING: [Synth 8-3332] Sequential element (proc/alu/Result_reg[25]) is unused and will be removed from module Lab2.
WARNING: [Synth 8-3332] Sequential element (proc/alu/Result_reg[24]) is unused and will be removed from module Lab2.
WARNING: [Synth 8-3332] Sequential element (proc/alu/Result_reg[23]) is unused and will be removed from module Lab2.
WARNING: [Synth 8-3332] Sequential element (proc/alu/Result_reg[22]) is unused and will be removed from module Lab2.
WARNING: [Synth 8-3332] Sequential element (proc/alu/Result_reg[21]) is unused and will be removed from module Lab2.
WARNING: [Synth 8-3332] Sequential element (proc/alu/Result_reg[20]) is unused and will be removed from module Lab2.
WARNING: [Synth 8-3332] Sequential element (proc/alu/Result_reg[19]) is unused and will be removed from module Lab2.
WARNING: [Synth 8-3332] Sequential element (proc/alu/Result_reg[18]) is unused and will be removed from module Lab2.
WARNING: [Synth 8-3332] Sequential element (proc/alu/Result_reg[17]) is unused and will be removed from module Lab2.
WARNING: [Synth 8-3332] Sequential element (proc/alu/Result_reg[16]) is unused and will be removed from module Lab2.
WARNING: [Synth 8-3332] Sequential element (proc/alu/Result_reg[15]) is unused and will be removed from module Lab2.
WARNING: [Synth 8-3332] Sequential element (proc/alu/Result_reg[14]) is unused and will be removed from module Lab2.
WARNING: [Synth 8-3332] Sequential element (proc/alu/Result_reg[13]) is unused and will be removed from module Lab2.
WARNING: [Synth 8-3332] Sequential element (proc/alu/Result_reg[12]) is unused and will be removed from module Lab2.
WARNING: [Synth 8-3332] Sequential element (proc/alu/Result_reg[11]) is unused and will be removed from module Lab2.
WARNING: [Synth 8-3332] Sequential element (proc/alu/Result_reg[10]) is unused and will be removed from module Lab2.
WARNING: [Synth 8-3332] Sequential element (proc/alu/Result_reg[9]) is unused and will be removed from module Lab2.
WARNING: [Synth 8-3332] Sequential element (proc/alu/Result_reg[8]) is unused and will be removed from module Lab2.
WARNING: [Synth 8-3332] Sequential element (proc/alu/Result_reg[7]) is unused and will be removed from module Lab2.
WARNING: [Synth 8-3332] Sequential element (proc/alu/Result_reg[6]) is unused and will be removed from module Lab2.
WARNING: [Synth 8-3332] Sequential element (proc/alu/Result_reg[5]) is unused and will be removed from module Lab2.
WARNING: [Synth 8-3332] Sequential element (proc/alu/Result_reg[4]) is unused and will be removed from module Lab2.
WARNING: [Synth 8-3332] Sequential element (proc/alu/Result_reg[3]) is unused and will be removed from module Lab2.
WARNING: [Synth 8-3332] Sequential element (proc/alu/Result_reg[2]) is unused and will be removed from module Lab2.
WARNING: [Synth 8-3332] Sequential element (proc/alu/Result_reg[1]) is unused and will be removed from module Lab2.
WARNING: [Synth 8-3332] Sequential element (proc/alu/Result_reg[0]) is unused and will be removed from module Lab2.
---------------------------------------------------------------------------------
Finished Cross Boundary and Area Optimization : Time (s): cpu = 00:00:12 ; elapsed = 00:00:16 . Memory (MB): peak = 1149.672 ; gain = 404.922
---------------------------------------------------------------------------------
---------------------------------------------------------------------------------
Start ROM, RAM, DSP and Shift Register Reporting
---------------------------------------------------------------------------------

Distributed RAM: Preliminary Mapping	Report (see note below)
+------------+-----------------------+-----------+----------------------+--------------+
|Module Name | RTL Object            | Inference | Size (Depth x Width) | Primitives   | 
+------------+-----------------------+-----------+----------------------+--------------+
|Lab2        | proc/reg_file/RAM_reg | Implied   | 8 x 32               | RAM32M x 12	 | 
+------------+-----------------------+-----------+----------------------+--------------+

Note: The table above is a preliminary report that shows the Distributed RAMs at the current stage of the synthesis flow. Some Distributed RAMs may be reimplemented as non Distributed RAM primitives later in the synthesis flow. Multiple instantiated RAMs are reported only once.
---------------------------------------------------------------------------------
Finished ROM, RAM, DSP and Shift Register Reporting
---------------------------------------------------------------------------------

Report RTL Partitions: 
+-+--------------+------------+----------+
| |RTL Partition |Replication |Instances |
+-+--------------+------------+----------+
+-+--------------+------------+----------+
---------------------------------------------------------------------------------
Start Applying XDC Timing Constraints
---------------------------------------------------------------------------------
---------------------------------------------------------------------------------
Finished Applying XDC Timing Constraints : Time (s): cpu = 00:00:19 ; elapsed = 00:00:23 . Memory (MB): peak = 1149.672 ; gain = 404.922
---------------------------------------------------------------------------------
---------------------------------------------------------------------------------
Start Timing Optimization
---------------------------------------------------------------------------------
---------------------------------------------------------------------------------
Finished Timing Optimization : Time (s): cpu = 00:00:19 ; elapsed = 00:00:23 . Memory (MB): peak = 1149.672 ; gain = 404.922
---------------------------------------------------------------------------------
---------------------------------------------------------------------------------
Start ROM, RAM, DSP and Shift Register Reporting
---------------------------------------------------------------------------------

Distributed RAM: Final Mapping	Report
+------------+-----------------------+-----------+----------------------+--------------+
|Module Name | RTL Object            | Inference | Size (Depth x Width) | Primitives   | 
+------------+-----------------------+-----------+----------------------+--------------+
|Lab2        | proc/reg_file/RAM_reg | Implied   | 8 x 32               | RAM32M x 12	 | 
+------------+-----------------------+-----------+----------------------+--------------+

---------------------------------------------------------------------------------
Finished ROM, RAM, DSP and Shift Register Reporting
---------------------------------------------------------------------------------

Report RTL Partitions: 
+-+--------------+------------+----------+
| |RTL Partition |Replication |Instances |
+-+--------------+------------+----------+
+-+--------------+------------+----------+
---------------------------------------------------------------------------------
Start Technology Mapping
---------------------------------------------------------------------------------
---------------------------------------------------------------------------------
Finished Technology Mapping : Time (s): cpu = 00:00:19 ; elapsed = 00:00:23 . Memory (MB): peak = 1149.672 ; gain = 404.922
---------------------------------------------------------------------------------

Report RTL Partitions: 
+-+--------------+------------+----------+
| |RTL Partition |Replication |Instances |
+-+--------------+------------+----------+
+-+--------------+------------+----------+
---------------------------------------------------------------------------------
Start IO Insertion
---------------------------------------------------------------------------------
---------------------------------------------------------------------------------
Start Flattening Before IO Insertion
---------------------------------------------------------------------------------
---------------------------------------------------------------------------------
Finished Flattening Before IO Insertion
---------------------------------------------------------------------------------
---------------------------------------------------------------------------------
Start Final Netlist Cleanup
---------------------------------------------------------------------------------
---------------------------------------------------------------------------------
Finished Final Netlist Cleanup
---------------------------------------------------------------------------------
---------------------------------------------------------------------------------
Finished IO Insertion : Time (s): cpu = 00:00:23 ; elapsed = 00:00:26 . Memory (MB): peak = 1157.512 ; gain = 412.762
---------------------------------------------------------------------------------
---------------------------------------------------------------------------------
Start Renaming Generated Instances
---------------------------------------------------------------------------------
---------------------------------------------------------------------------------
Finished Renaming Generated Instances : Time (s): cpu = 00:00:23 ; elapsed = 00:00:26 . Memory (MB): peak = 1157.512 ; gain = 412.762
---------------------------------------------------------------------------------

Report RTL Partitions: 
+-+--------------+------------+----------+
| |RTL Partition |Replication |Instances |
+-+--------------+------------+----------+
+-+--------------+------------+----------+

Report Check Netlist: 
+------+------------------+-------+---------+-------+------------------+
|      |Item              |Errors |Warnings |Status |Description       |
+------+------------------+-------+---------+-------+------------------+
|1     |multi_driven_nets |      0|        0|Passed |Multi driven nets |
+------+------------------+-------+---------+-------+------------------+
---------------------------------------------------------------------------------
Start Rebuilding User Hierarchy
---------------------------------------------------------------------------------
---------------------------------------------------------------------------------
Finished Rebuilding User Hierarchy : Time (s): cpu = 00:00:23 ; elapsed = 00:00:27 . Memory (MB): peak = 1157.512 ; gain = 412.762
---------------------------------------------------------------------------------
---------------------------------------------------------------------------------
Start Renaming Generated Ports
---------------------------------------------------------------------------------
---------------------------------------------------------------------------------
Finished Renaming Generated Ports : Time (s): cpu = 00:00:23 ; elapsed = 00:00:27 . Memory (MB): peak = 1157.512 ; gain = 412.762
---------------------------------------------------------------------------------
---------------------------------------------------------------------------------
Start Handling Custom Attributes
---------------------------------------------------------------------------------
---------------------------------------------------------------------------------
Finished Handling Custom Attributes : Time (s): cpu = 00:00:23 ; elapsed = 00:00:27 . Memory (MB): peak = 1157.512 ; gain = 412.762
---------------------------------------------------------------------------------
---------------------------------------------------------------------------------
Start Renaming Generated Nets
---------------------------------------------------------------------------------
---------------------------------------------------------------------------------
Finished Renaming Generated Nets : Time (s): cpu = 00:00:23 ; elapsed = 00:00:27 . Memory (MB): peak = 1157.512 ; gain = 412.762
---------------------------------------------------------------------------------
---------------------------------------------------------------------------------
Start Writing Synthesis Report
---------------------------------------------------------------------------------

Report BlackBoxes: 
+-+--------------+----------+
| |BlackBox name |Instances |
+-+--------------+----------+
+-+--------------+----------+

Report Cell Usage: 
+------+-------+------+
|      |Cell   |Count |
+------+-------+------+
|1     |BUFG   |     1|
|2     |CARRY4 |     5|
|3     |LUT1   |     1|
|4     |LUT2   |    37|
|5     |LUT3   |     3|
|6     |LUT4   |    36|
|7     |RAM32M |     6|
|8     |FDRE   |     2|
|9     |IBUF   |    18|
|10    |OBUF   |    16|
+------+-------+------+

Report Instance Areas: 
+------+-------------+----------+------+
|      |Instance     |Module    |Cells |
+------+-------------+----------+------+
|1     |top          |          |   125|
|2     |  proc       |processor |    90|
|3     |    alu      |ALU       |     5|
|4     |    reg_file |REG_FILE  |    63|
+------+-------------+----------+------+
---------------------------------------------------------------------------------
Finished Writing Synthesis Report : Time (s): cpu = 00:00:23 ; elapsed = 00:00:27 . Memory (MB): peak = 1157.512 ; gain = 412.762
---------------------------------------------------------------------------------
Synthesis finished with 0 errors, 0 critical warnings and 35 warnings.
Synthesis Optimization Runtime : Time (s): cpu = 00:00:16 ; elapsed = 00:00:23 . Memory (MB): peak = 1157.512 ; gain = 315.301
Synthesis Optimization Complete : Time (s): cpu = 00:00:23 ; elapsed = 00:00:27 . Memory (MB): peak = 1157.512 ; gain = 412.762
INFO: [Project 1-571] Translating synthesized netlist
Netlist sorting complete. Time (s): cpu = 00:00:00 ; elapsed = 00:00:00.002 . Memory (MB): peak = 1169.570 ; gain = 0.000
INFO: [Netlist 29-17] Analyzing 11 Unisim elements for replacement
INFO: [Netlist 29-28] Unisim Transformation completed in 0 CPU seconds
INFO: [Project 1-570] Preparing netlist for logic optimization
INFO: [Opt 31-138] Pushed 0 inverter(s) to 0 load pin(s).
Netlist sorting complete. Time (s): cpu = 00:00:00 ; elapsed = 00:00:00 . Memory (MB): peak = 1172.547 ; gain = 0.000
INFO: [Project 1-111] Unisim Transformation Summary:
  A total of 6 instances were transformed.
  RAM32M => RAM32M (RAMD32(x6), RAMS32(x2)): 6 instances

INFO: [Common 17-83] Releasing license: Synthesis
26 Infos, 55 Warnings, 16 Critical Warnings and 0 Errors encountered.
synth_design completed successfully
synth_design: Time (s): cpu = 00:00:27 ; elapsed = 00:00:33 . Memory (MB): peak = 1172.547 ; gain = 733.117
Netlist sorting complete. Time (s): cpu = 00:00:00 ; elapsed = 00:00:00 . Memory (MB): peak = 1172.547 ; gain = 0.000
WARNING: [Constraints 18-5210] No constraints selected for write.
Resolution: This message can indicate that there are no constraints for the design, or it can indicate that the used_in flags are set such that the constraints are ignored. This later case is used when running synth_design to not write synthesis constraints to the resulting checkpoint. Instead, project constraints are read when the synthesized design is opened.
INFO: [Common 17-1381] The checkpoint 'C:/Users/8200464.SIPC/Desktop/APS/APS.runs/synth_1/Lab2.dcp' has been generated.
INFO: [runtcl-4] Executing : report_utilization -file Lab2_utilization_synth.rpt -pb Lab2_utilization_synth.pb
INFO: [Common 17-206] Exiting Vivado at Mon Oct 24 18:03:26 2022...
